INFO	[2012-12-26 16:11:29:363] <2200> ===============================================================
INFO	[2012-12-26 16:11:29:363] <2200> START AgsPay40 php (OS:Windows NT6.1,PHP:5.2.12)
INFO	[2012-12-26 16:11:29:363] <2200>  Pay Start!
INFO	[2012-12-26 16:11:29:364] <2200> AgsPayHome:C:/Rosemary/trunk/src/rosemary/agspay
INFO	[2012-12-26 16:11:29:364] <2200> StoreId:
INFO	[2012-12-26 16:11:29:364] <2200> log:true
INFO	[2012-12-26 16:11:29:364] <2200> logLevel:INFO
INFO	[2012-12-26 16:11:29:364] <2200> UseNetCancel:true
INFO	[2012-12-26 16:11:29:364] <2200> Type:Pay
INFO	[2012-12-26 16:11:29:364] <2200> RecvLen:7
INFO	[2012-12-26 16:11:29:364] <2200> AuthTy:
INFO	[2012-12-26 16:11:29:365] <2200> SubTy:
INFO	[2012-12-26 16:11:29:365] <2200> OrdNo:
INFO	[2012-12-26 16:11:29:365] <2200> Amt:
INFO	[2012-12-26 16:11:29:365] <2200> UserEmail:
INFO	[2012-12-26 16:11:29:365] <2200> ProdNm:
INFO	[2012-12-26 16:11:29:365] <2200> MallUrl:
INFO	[2012-12-26 16:11:29:365] <2200> UserId:
INFO	[2012-12-26 16:11:29:365] <2200> OrdNm:
INFO	[2012-12-26 16:11:29:365] <2200> OrdPhone:
INFO	[2012-12-26 16:11:29:366] <2200> OrdAddr:
INFO	[2012-12-26 16:11:29:366] <2200> RcpNm:
INFO	[2012-12-26 16:11:29:366] <2200> RcpPhone:
INFO	[2012-12-26 16:11:29:366] <2200> DlvAddr:
INFO	[2012-12-26 16:11:29:366] <2200> Remark:
INFO	[2012-12-26 16:11:29:366] <2200> DeviId:
INFO	[2012-12-26 16:11:29:366] <2200> AuthYn:
INFO	[2012-12-26 16:11:29:366] <2200> Instmt:
INFO	[2012-12-26 16:11:29:366] <2200> UserIp:127.0.0.1
INFO	[2012-12-26 16:11:29:367] <2200> partial_mm:
INFO	[2012-12-26 16:11:29:367] <2200> noIntMonth:
INFO	[2012-12-26 16:11:29:367] <2200> KVP_CURRENCY:
INFO	[2012-12-26 16:11:29:367] <2200> KVP_CARDCODE:
INFO	[2012-12-26 16:11:29:367] <2200> KVP_SESSIONKEY:
INFO	[2012-12-26 16:11:29:367] <2200> KVP_ENCDATA:
INFO	[2012-12-26 16:11:29:367] <2200> KVP_CONAME:
INFO	[2012-12-26 16:11:29:367] <2200> KVP_NOINT:
INFO	[2012-12-26 16:11:29:367] <2200> KVP_QUOTA:
INFO	[2012-12-26 16:11:29:368] <2200> CardNo:
INFO	[2012-12-26 16:11:29:368] <2200> MPI_CAVV:
INFO	[2012-12-26 16:11:29:368] <2200> MPI_ECI:
INFO	[2012-12-26 16:11:29:368] <2200> MPI_MD64:
INFO	[2012-12-26 16:11:29:368] <2200> ExpMon:
INFO	[2012-12-26 16:11:29:368] <2200> ExpYear:
INFO	[2012-12-26 16:11:29:368] <2200> Passwd:
INFO	[2012-12-26 16:11:29:368] <2200> SocId:
INFO	[2012-12-26 16:11:29:368] <2200> ICHE_OUTBANKNAME:
INFO	[2012-12-26 16:11:29:369] <2200> ICHE_OUTACCTNO:
INFO	[2012-12-26 16:11:29:369] <2200> ICHE_OUTBANKMASTER:
INFO	[2012-12-26 16:11:29:369] <2200> ICHE_AMOUNT:
INFO	[2012-12-26 16:11:29:369] <2200> HP_SERVERINFO:
INFO	[2012-12-26 16:11:29:369] <2200> HP_HANDPHONE:
INFO	[2012-12-26 16:11:29:369] <2200> HP_COMPANY:
INFO	[2012-12-26 16:11:29:369] <2200> HP_ID:
INFO	[2012-12-26 16:11:29:369] <2200> HP_SUBID:
INFO	[2012-12-26 16:11:29:369] <2200> HP_UNITType:
INFO	[2012-12-26 16:11:29:370] <2200> HP_IDEN:
INFO	[2012-12-26 16:11:29:370] <2200> HP_IPADDR:
INFO	[2012-12-26 16:11:29:370] <2200> ARS_NAME:
INFO	[2012-12-26 16:11:29:370] <2200> ARS_PHONE:
INFO	[2012-12-26 16:11:29:370] <2200> VIRTUAL_CENTERCD:
INFO	[2012-12-26 16:11:29:370] <2200> VIRTUAL_DEPODT:
INFO	[2012-12-26 16:11:29:370] <2200> ZuminCode:
INFO	[2012-12-26 16:11:29:370] <2200> MallPage:
INFO	[2012-12-26 16:11:29:370] <2200> VIRTUAL_NO:
INFO	[2012-12-26 16:11:29:371] <2200> ES_SENDNO:
INFO	[2012-12-26 16:11:29:371] <2200> ICHE_SOCKETYN:
INFO	[2012-12-26 16:11:29:371] <2200> ICHE_POSMTID:
INFO	[2012-12-26 16:11:29:371] <2200> ICHE_FNBCMTID:
INFO	[2012-12-26 16:11:29:371] <2200> ICHE_APTRTS:
INFO	[2012-12-26 16:11:29:371] <2200> ICHE_REMARK1:
INFO	[2012-12-26 16:11:29:371] <2200> ICHE_REMARK2:
INFO	[2012-12-26 16:11:29:371] <2200> ICHE_ECWYN:
INFO	[2012-12-26 16:11:29:372] <2200> ICHE_ECWID:
INFO	[2012-12-26 16:11:29:372] <2200> ICHE_ECWAMT1:
INFO	[2012-12-26 16:11:29:372] <2200> ICHE_ECWAMT2:
INFO	[2012-12-26 16:11:29:372] <2200> ICHE_CASHYN:
INFO	[2012-12-26 16:11:29:372] <2200> ICHE_CASHGUBUN_CD:
INFO	[2012-12-26 16:11:29:372] <2200> ICHE_CASHID_NO:
INFO	[2012-12-26 16:11:29:372] <2200> ICHEARS_SOCKETYN:
INFO	[2012-12-26 16:11:29:372] <2200> ICHEARS_ADMNO:
INFO	[2012-12-26 16:11:29:372] <2200> ICHEARS_POSMTID:
INFO	[2012-12-26 16:11:29:373] <2200> ICHEARS_CENTERCD:
INFO	[2012-12-26 16:11:29:373] <2200> ICHEARS_HPNO:
INFO	[2012-12-26 16:11:29:373] <2200>  Pay Result Value [
INFO	[2012-12-26 16:11:29:373] <2200> rSuccYn:n
INFO	[2012-12-26 16:11:29:373] <2200> rResMsg:상점아이디 입력여부 확인요망 <br>주문번호 입력여부 확인요망 <br>상품명 입력여부 확인요망 <br>금액 입력여부 확인요망 <br>단말기아이디 입력여부 확인요망 <br>인증여부 입력여부 확인요망 <br>
INFO	[2012-12-26 16:11:29:373] <2200> ]
INFO	[2012-12-26 16:11:29:373] <2200> END  상점아이디 입력여부 확인요망 <br>주문번호 입력여부 확인요망 <br>상품명 입력여부 확인요망 <br>금액 입력여부 확인요망 <br>단말기아이디 입력여부 확인요망 <br>인증여부 입력여부 확인요망 <br> Transaction time:[0.01sec]
INFO	[2012-12-26 16:11:29:373] <2200> ===============================================================
INFO	[2012-12-26 16:13:10:214] <2200> ===============================================================
INFO	[2012-12-26 16:13:10:214] <2200> START AgsPay40 php (OS:Windows NT6.1,PHP:5.2.12)
INFO	[2012-12-26 16:13:10:214] <2200>  Pay Start!
INFO	[2012-12-26 16:13:10:214] <2200> AgsPayHome:C:/Rosemary/trunk/src/rosemary/agspay
INFO	[2012-12-26 16:13:10:214] <2200> StoreId:
INFO	[2012-12-26 16:13:10:214] <2200> log:true
INFO	[2012-12-26 16:13:10:215] <2200> logLevel:INFO
INFO	[2012-12-26 16:13:10:215] <2200> UseNetCancel:true
INFO	[2012-12-26 16:13:10:215] <2200> Type:Pay
INFO	[2012-12-26 16:13:10:215] <2200> RecvLen:7
INFO	[2012-12-26 16:13:10:215] <2200> AuthTy:
INFO	[2012-12-26 16:13:10:215] <2200> SubTy:
INFO	[2012-12-26 16:13:10:215] <2200> OrdNo:
INFO	[2012-12-26 16:13:10:216] <2200> Amt:
INFO	[2012-12-26 16:13:10:216] <2200> UserEmail:
INFO	[2012-12-26 16:13:10:216] <2200> ProdNm:
INFO	[2012-12-26 16:13:10:216] <2200> MallUrl:
INFO	[2012-12-26 16:13:10:216] <2200> UserId:
INFO	[2012-12-26 16:13:10:216] <2200> OrdNm:
INFO	[2012-12-26 16:13:10:216] <2200> OrdPhone:
INFO	[2012-12-26 16:13:10:217] <2200> OrdAddr:
INFO	[2012-12-26 16:13:10:217] <2200> RcpNm:
INFO	[2012-12-26 16:13:10:217] <2200> RcpPhone:
INFO	[2012-12-26 16:13:10:217] <2200> DlvAddr:
INFO	[2012-12-26 16:13:10:217] <2200> Remark:
INFO	[2012-12-26 16:13:10:217] <2200> DeviId:
INFO	[2012-12-26 16:13:10:217] <2200> AuthYn:
INFO	[2012-12-26 16:13:10:218] <2200> Instmt:
INFO	[2012-12-26 16:13:10:218] <2200> UserIp:127.0.0.1
INFO	[2012-12-26 16:13:10:218] <2200> partial_mm:
INFO	[2012-12-26 16:13:10:218] <2200> noIntMonth:
INFO	[2012-12-26 16:13:10:218] <2200> KVP_CURRENCY:
INFO	[2012-12-26 16:13:10:218] <2200> KVP_CARDCODE:
INFO	[2012-12-26 16:13:10:218] <2200> KVP_SESSIONKEY:
INFO	[2012-12-26 16:13:10:219] <2200> KVP_ENCDATA:
INFO	[2012-12-26 16:13:10:219] <2200> KVP_CONAME:
INFO	[2012-12-26 16:13:10:219] <2200> KVP_NOINT:
INFO	[2012-12-26 16:13:10:219] <2200> KVP_QUOTA:
INFO	[2012-12-26 16:13:10:219] <2200> CardNo:
INFO	[2012-12-26 16:13:10:219] <2200> MPI_CAVV:
INFO	[2012-12-26 16:13:10:219] <2200> MPI_ECI:
INFO	[2012-12-26 16:13:10:220] <2200> MPI_MD64:
INFO	[2012-12-26 16:13:10:220] <2200> ExpMon:
INFO	[2012-12-26 16:13:10:220] <2200> ExpYear:
INFO	[2012-12-26 16:13:10:220] <2200> Passwd:
INFO	[2012-12-26 16:13:10:220] <2200> SocId:
INFO	[2012-12-26 16:13:10:220] <2200> ICHE_OUTBANKNAME:
INFO	[2012-12-26 16:13:10:221] <2200> ICHE_OUTACCTNO:
INFO	[2012-12-26 16:13:10:221] <2200> ICHE_OUTBANKMASTER:
INFO	[2012-12-26 16:13:10:221] <2200> ICHE_AMOUNT:
INFO	[2012-12-26 16:13:10:221] <2200> HP_SERVERINFO:
INFO	[2012-12-26 16:13:10:221] <2200> HP_HANDPHONE:
INFO	[2012-12-26 16:13:10:222] <2200> HP_COMPANY:
INFO	[2012-12-26 16:13:10:222] <2200> HP_ID:
INFO	[2012-12-26 16:13:10:222] <2200> HP_SUBID:
INFO	[2012-12-26 16:13:10:222] <2200> HP_UNITType:
INFO	[2012-12-26 16:13:10:222] <2200> HP_IDEN:
INFO	[2012-12-26 16:13:10:222] <2200> HP_IPADDR:
INFO	[2012-12-26 16:13:10:222] <2200> ARS_NAME:
INFO	[2012-12-26 16:13:10:223] <2200> ARS_PHONE:
INFO	[2012-12-26 16:13:10:223] <2200> VIRTUAL_CENTERCD:
INFO	[2012-12-26 16:13:10:223] <2200> VIRTUAL_DEPODT:
INFO	[2012-12-26 16:13:10:223] <2200> ZuminCode:
INFO	[2012-12-26 16:13:10:223] <2200> MallPage:
INFO	[2012-12-26 16:13:10:223] <2200> VIRTUAL_NO:
INFO	[2012-12-26 16:13:10:224] <2200> ES_SENDNO:
INFO	[2012-12-26 16:13:10:224] <2200> ICHE_SOCKETYN:
INFO	[2012-12-26 16:13:10:224] <2200> ICHE_POSMTID:
INFO	[2012-12-26 16:13:10:224] <2200> ICHE_FNBCMTID:
INFO	[2012-12-26 16:13:10:224] <2200> ICHE_APTRTS:
INFO	[2012-12-26 16:13:10:224] <2200> ICHE_REMARK1:
INFO	[2012-12-26 16:13:10:224] <2200> ICHE_REMARK2:
INFO	[2012-12-26 16:13:10:225] <2200> ICHE_ECWYN:
INFO	[2012-12-26 16:13:10:225] <2200> ICHE_ECWID:
INFO	[2012-12-26 16:13:10:225] <2200> ICHE_ECWAMT1:
INFO	[2012-12-26 16:13:10:225] <2200> ICHE_ECWAMT2:
INFO	[2012-12-26 16:13:10:225] <2200> ICHE_CASHYN:
INFO	[2012-12-26 16:13:10:225] <2200> ICHE_CASHGUBUN_CD:
INFO	[2012-12-26 16:13:10:225] <2200> ICHE_CASHID_NO:
INFO	[2012-12-26 16:13:10:226] <2200> ICHEARS_SOCKETYN:
INFO	[2012-12-26 16:13:10:226] <2200> ICHEARS_ADMNO:
INFO	[2012-12-26 16:13:10:226] <2200> ICHEARS_POSMTID:
INFO	[2012-12-26 16:13:10:226] <2200> ICHEARS_CENTERCD:
INFO	[2012-12-26 16:13:10:226] <2200> ICHEARS_HPNO:
INFO	[2012-12-26 16:13:10:226] <2200>  Pay Result Value [
INFO	[2012-12-26 16:13:10:226] <2200> rSuccYn:n
INFO	[2012-12-26 16:13:10:227] <2200> rResMsg:상점아이디 입력여부 확인요망 <br>주문번호 입력여부 확인요망 <br>상품명 입력여부 확인요망 <br>금액 입력여부 확인요망 <br>단말기아이디 입력여부 확인요망 <br>인증여부 입력여부 확인요망 <br>
INFO	[2012-12-26 16:13:10:227] <2200> ]
INFO	[2012-12-26 16:13:10:227] <2200> END  상점아이디 입력여부 확인요망 <br>주문번호 입력여부 확인요망 <br>상품명 입력여부 확인요망 <br>금액 입력여부 확인요망 <br>단말기아이디 입력여부 확인요망 <br>인증여부 입력여부 확인요망 <br> Transaction time:[0.02sec]
INFO	[2012-12-26 16:13:10:227] <2200> ===============================================================
INFO	[2012-12-26 16:13:51:271] <2200> ===============================================================
INFO	[2012-12-26 16:13:51:271] <2200> START AgsPay40 php (OS:Windows NT6.1,PHP:5.2.12)
INFO	[2012-12-26 16:13:51:271] <2200>  Pay Start!
INFO	[2012-12-26 16:13:51:272] <2200> AgsPayHome:C:/Rosemary/trunk/src/rosemary/agspay
INFO	[2012-12-26 16:13:51:272] <2200> StoreId:
INFO	[2012-12-26 16:13:51:272] <2200> log:true
INFO	[2012-12-26 16:13:51:272] <2200> logLevel:INFO
INFO	[2012-12-26 16:13:51:272] <2200> UseNetCancel:true
INFO	[2012-12-26 16:13:51:273] <2200> Type:Pay
INFO	[2012-12-26 16:13:51:273] <2200> RecvLen:7
INFO	[2012-12-26 16:13:51:273] <2200> AuthTy:
INFO	[2012-12-26 16:13:51:273] <2200> SubTy:
INFO	[2012-12-26 16:13:51:273] <2200> OrdNo:
INFO	[2012-12-26 16:13:51:274] <2200> Amt:
INFO	[2012-12-26 16:13:51:274] <2200> UserEmail:
INFO	[2012-12-26 16:13:51:274] <2200> ProdNm:
INFO	[2012-12-26 16:13:51:274] <2200> MallUrl:
INFO	[2012-12-26 16:13:51:274] <2200> UserId:
INFO	[2012-12-26 16:13:51:275] <2200> OrdNm:
INFO	[2012-12-26 16:13:51:275] <2200> OrdPhone:
INFO	[2012-12-26 16:13:51:275] <2200> OrdAddr:
INFO	[2012-12-26 16:13:51:275] <2200> RcpNm:
INFO	[2012-12-26 16:13:51:275] <2200> RcpPhone:
INFO	[2012-12-26 16:13:51:276] <2200> DlvAddr:
INFO	[2012-12-26 16:13:51:276] <2200> Remark:
INFO	[2012-12-26 16:13:51:276] <2200> DeviId:
INFO	[2012-12-26 16:13:51:276] <2200> AuthYn:
INFO	[2012-12-26 16:13:51:276] <2200> Instmt:
INFO	[2012-12-26 16:13:51:276] <2200> UserIp:127.0.0.1
INFO	[2012-12-26 16:13:51:277] <2200> partial_mm:
INFO	[2012-12-26 16:13:51:277] <2200> noIntMonth:
INFO	[2012-12-26 16:13:51:277] <2200> KVP_CURRENCY:
INFO	[2012-12-26 16:13:51:277] <2200> KVP_CARDCODE:
INFO	[2012-12-26 16:13:51:277] <2200> KVP_SESSIONKEY:
INFO	[2012-12-26 16:13:51:277] <2200> KVP_ENCDATA:
INFO	[2012-12-26 16:13:51:278] <2200> KVP_CONAME:
INFO	[2012-12-26 16:13:51:278] <2200> KVP_NOINT:
INFO	[2012-12-26 16:13:51:278] <2200> KVP_QUOTA:
INFO	[2012-12-26 16:13:51:278] <2200> CardNo:
INFO	[2012-12-26 16:13:51:278] <2200> MPI_CAVV:
INFO	[2012-12-26 16:13:51:278] <2200> MPI_ECI:
INFO	[2012-12-26 16:13:51:279] <2200> MPI_MD64:
INFO	[2012-12-26 16:13:51:279] <2200> ExpMon:
INFO	[2012-12-26 16:13:51:279] <2200> ExpYear:
INFO	[2012-12-26 16:13:51:279] <2200> Passwd:
INFO	[2012-12-26 16:13:51:279] <2200> SocId:
INFO	[2012-12-26 16:13:51:280] <2200> ICHE_OUTBANKNAME:
INFO	[2012-12-26 16:13:51:280] <2200> ICHE_OUTACCTNO:
INFO	[2012-12-26 16:13:51:280] <2200> ICHE_OUTBANKMASTER:
INFO	[2012-12-26 16:13:51:280] <2200> ICHE_AMOUNT:
INFO	[2012-12-26 16:13:51:280] <2200> HP_SERVERINFO:
INFO	[2012-12-26 16:13:51:281] <2200> HP_HANDPHONE:
INFO	[2012-12-26 16:13:51:281] <2200> HP_COMPANY:
INFO	[2012-12-26 16:13:51:281] <2200> HP_ID:
INFO	[2012-12-26 16:13:51:281] <2200> HP_SUBID:
INFO	[2012-12-26 16:13:51:281] <2200> HP_UNITType:
INFO	[2012-12-26 16:13:51:281] <2200> HP_IDEN:
INFO	[2012-12-26 16:13:51:282] <2200> HP_IPADDR:
INFO	[2012-12-26 16:13:51:282] <2200> ARS_NAME:
INFO	[2012-12-26 16:13:51:282] <2200> ARS_PHONE:
INFO	[2012-12-26 16:13:51:282] <2200> VIRTUAL_CENTERCD:
INFO	[2012-12-26 16:13:51:282] <2200> VIRTUAL_DEPODT:
INFO	[2012-12-26 16:13:51:282] <2200> ZuminCode:
INFO	[2012-12-26 16:13:51:282] <2200> MallPage:
INFO	[2012-12-26 16:13:51:282] <2200> VIRTUAL_NO:
INFO	[2012-12-26 16:13:51:283] <2200> ES_SENDNO:
INFO	[2012-12-26 16:13:51:283] <2200> ICHE_SOCKETYN:
INFO	[2012-12-26 16:13:51:283] <2200> ICHE_POSMTID:
INFO	[2012-12-26 16:13:51:283] <2200> ICHE_FNBCMTID:
INFO	[2012-12-26 16:13:51:283] <2200> ICHE_APTRTS:
INFO	[2012-12-26 16:13:51:284] <2200> ICHE_REMARK1:
INFO	[2012-12-26 16:13:51:284] <2200> ICHE_REMARK2:
INFO	[2012-12-26 16:13:51:284] <2200> ICHE_ECWYN:
INFO	[2012-12-26 16:13:51:284] <2200> ICHE_ECWID:
INFO	[2012-12-26 16:13:51:284] <2200> ICHE_ECWAMT1:
INFO	[2012-12-26 16:13:51:284] <2200> ICHE_ECWAMT2:
INFO	[2012-12-26 16:13:51:284] <2200> ICHE_CASHYN:
INFO	[2012-12-26 16:13:51:285] <2200> ICHE_CASHGUBUN_CD:
INFO	[2012-12-26 16:13:51:285] <2200> ICHE_CASHID_NO:
INFO	[2012-12-26 16:13:51:285] <2200> ICHEARS_SOCKETYN:
INFO	[2012-12-26 16:13:51:285] <2200> ICHEARS_ADMNO:
INFO	[2012-12-26 16:13:51:285] <2200> ICHEARS_POSMTID:
INFO	[2012-12-26 16:13:51:285] <2200> ICHEARS_CENTERCD:
INFO	[2012-12-26 16:13:51:285] <2200> ICHEARS_HPNO:
INFO	[2012-12-26 16:13:51:285] <2200>  Pay Result Value [
INFO	[2012-12-26 16:13:51:285] <2200> rSuccYn:n
INFO	[2012-12-26 16:13:51:286] <2200> rResMsg:상점아이디 입력여부 확인요망 <br>주문번호 입력여부 확인요망 <br>상품명 입력여부 확인요망 <br>금액 입력여부 확인요망 <br>단말기아이디 입력여부 확인요망 <br>인증여부 입력여부 확인요망 <br>
INFO	[2012-12-26 16:13:51:286] <2200> ]
INFO	[2012-12-26 16:13:51:286] <2200> END  상점아이디 입력여부 확인요망 <br>주문번호 입력여부 확인요망 <br>상품명 입력여부 확인요망 <br>금액 입력여부 확인요망 <br>단말기아이디 입력여부 확인요망 <br>인증여부 입력여부 확인요망 <br> Transaction time:[0.02sec]
INFO	[2012-12-26 16:13:51:286] <2200> ===============================================================
INFO	[2012-12-26 16:16:45:638] <2200> ===============================================================
INFO	[2012-12-26 16:16:45:638] <2200> START AgsPay40 php (OS:Windows NT6.1,PHP:5.2.12)
INFO	[2012-12-26 16:16:45:639] <2200>  Pay Start!
INFO	[2012-12-26 16:16:45:639] <2200> AgsPayHome:C:/Rosemary/trunk/src/rosemary/agspay
INFO	[2012-12-26 16:16:45:639] <2200> StoreId:
INFO	[2012-12-26 16:16:45:639] <2200> log:true
INFO	[2012-12-26 16:16:45:639] <2200> logLevel:INFO
INFO	[2012-12-26 16:16:45:639] <2200> UseNetCancel:true
INFO	[2012-12-26 16:16:45:639] <2200> Type:Pay
INFO	[2012-12-26 16:16:45:639] <2200> RecvLen:7
INFO	[2012-12-26 16:16:45:639] <2200> AuthTy:
INFO	[2012-12-26 16:16:45:640] <2200> SubTy:
INFO	[2012-12-26 16:16:45:640] <2200> OrdNo:
INFO	[2012-12-26 16:16:45:640] <2200> Amt:
INFO	[2012-12-26 16:16:45:640] <2200> UserEmail:
INFO	[2012-12-26 16:16:45:640] <2200> ProdNm:
INFO	[2012-12-26 16:16:45:640] <2200> MallUrl:
INFO	[2012-12-26 16:16:45:640] <2200> UserId:
INFO	[2012-12-26 16:16:45:640] <2200> OrdNm:
INFO	[2012-12-26 16:16:45:641] <2200> OrdPhone:
INFO	[2012-12-26 16:16:45:641] <2200> OrdAddr:
INFO	[2012-12-26 16:16:45:641] <2200> RcpNm:
INFO	[2012-12-26 16:16:45:641] <2200> RcpPhone:
INFO	[2012-12-26 16:16:45:641] <2200> DlvAddr:
INFO	[2012-12-26 16:16:45:641] <2200> Remark:
INFO	[2012-12-26 16:16:45:641] <2200> DeviId:
INFO	[2012-12-26 16:16:45:641] <2200> AuthYn:
INFO	[2012-12-26 16:16:45:641] <2200> Instmt:
INFO	[2012-12-26 16:16:45:642] <2200> UserIp:127.0.0.1
INFO	[2012-12-26 16:16:45:642] <2200> partial_mm:
INFO	[2012-12-26 16:16:45:642] <2200> noIntMonth:
INFO	[2012-12-26 16:16:45:642] <2200> KVP_CURRENCY:
INFO	[2012-12-26 16:16:45:642] <2200> KVP_CARDCODE:
INFO	[2012-12-26 16:16:45:642] <2200> KVP_SESSIONKEY:
INFO	[2012-12-26 16:16:45:642] <2200> KVP_ENCDATA:
INFO	[2012-12-26 16:16:45:642] <2200> KVP_CONAME:
INFO	[2012-12-26 16:16:45:642] <2200> KVP_NOINT:
INFO	[2012-12-26 16:16:45:643] <2200> KVP_QUOTA:
INFO	[2012-12-26 16:16:45:643] <2200> CardNo:
INFO	[2012-12-26 16:16:45:643] <2200> MPI_CAVV:
INFO	[2012-12-26 16:16:45:643] <2200> MPI_ECI:
INFO	[2012-12-26 16:16:45:643] <2200> MPI_MD64:
INFO	[2012-12-26 16:16:45:643] <2200> ExpMon:
INFO	[2012-12-26 16:16:45:643] <2200> ExpYear:
INFO	[2012-12-26 16:16:45:643] <2200> Passwd:
INFO	[2012-12-26 16:16:45:644] <2200> SocId:
INFO	[2012-12-26 16:16:45:644] <2200> ICHE_OUTBANKNAME:
INFO	[2012-12-26 16:16:45:644] <2200> ICHE_OUTACCTNO:
INFO	[2012-12-26 16:16:45:644] <2200> ICHE_OUTBANKMASTER:
INFO	[2012-12-26 16:16:45:644] <2200> ICHE_AMOUNT:
INFO	[2012-12-26 16:16:45:644] <2200> HP_SERVERINFO:
INFO	[2012-12-26 16:16:45:644] <2200> HP_HANDPHONE:
INFO	[2012-12-26 16:16:45:644] <2200> HP_COMPANY:
INFO	[2012-12-26 16:16:45:645] <2200> HP_ID:
INFO	[2012-12-26 16:16:45:645] <2200> HP_SUBID:
INFO	[2012-12-26 16:16:45:645] <2200> HP_UNITType:
INFO	[2012-12-26 16:16:45:645] <2200> HP_IDEN:
INFO	[2012-12-26 16:16:45:645] <2200> HP_IPADDR:
INFO	[2012-12-26 16:16:45:646] <2200> ARS_NAME:
INFO	[2012-12-26 16:16:45:646] <2200> ARS_PHONE:
INFO	[2012-12-26 16:16:45:646] <2200> VIRTUAL_CENTERCD:
INFO	[2012-12-26 16:16:45:646] <2200> VIRTUAL_DEPODT:
INFO	[2012-12-26 16:16:45:646] <2200> ZuminCode:
INFO	[2012-12-26 16:16:45:647] <2200> MallPage:
INFO	[2012-12-26 16:16:45:647] <2200> VIRTUAL_NO:
INFO	[2012-12-26 16:16:45:647] <2200> ES_SENDNO:
INFO	[2012-12-26 16:16:45:647] <2200> ICHE_SOCKETYN:
INFO	[2012-12-26 16:16:45:648] <2200> ICHE_POSMTID:
INFO	[2012-12-26 16:16:45:648] <2200> ICHE_FNBCMTID:
INFO	[2012-12-26 16:16:45:648] <2200> ICHE_APTRTS:
INFO	[2012-12-26 16:16:45:648] <2200> ICHE_REMARK1:
INFO	[2012-12-26 16:16:45:648] <2200> ICHE_REMARK2:
INFO	[2012-12-26 16:16:45:649] <2200> ICHE_ECWYN:
INFO	[2012-12-26 16:16:45:649] <2200> ICHE_ECWID:
INFO	[2012-12-26 16:16:45:649] <2200> ICHE_ECWAMT1:
INFO	[2012-12-26 16:16:45:649] <2200> ICHE_ECWAMT2:
INFO	[2012-12-26 16:16:45:649] <2200> ICHE_CASHYN:
INFO	[2012-12-26 16:16:45:650] <2200> ICHE_CASHGUBUN_CD:
INFO	[2012-12-26 16:16:45:650] <2200> ICHE_CASHID_NO:
INFO	[2012-12-26 16:16:45:650] <2200> ICHEARS_SOCKETYN:
INFO	[2012-12-26 16:16:45:650] <2200> ICHEARS_ADMNO:
INFO	[2012-12-26 16:16:45:650] <2200> ICHEARS_POSMTID:
INFO	[2012-12-26 16:16:45:651] <2200> ICHEARS_CENTERCD:
INFO	[2012-12-26 16:16:45:651] <2200> ICHEARS_HPNO:
INFO	[2012-12-26 16:16:45:651] <2200>  Pay Result Value [
INFO	[2012-12-26 16:16:45:651] <2200> rSuccYn:n
INFO	[2012-12-26 16:16:45:651] <2200> rResMsg:상점아이디 입력여부 확인요망 <br>주문번호 입력여부 확인요망 <br>상품명 입력여부 확인요망 <br>금액 입력여부 확인요망 <br>단말기아이디 입력여부 확인요망 <br>인증여부 입력여부 확인요망 <br>
INFO	[2012-12-26 16:16:45:652] <2200> ]
INFO	[2012-12-26 16:16:45:652] <2200> END  상점아이디 입력여부 확인요망 <br>주문번호 입력여부 확인요망 <br>상품명 입력여부 확인요망 <br>금액 입력여부 확인요망 <br>단말기아이디 입력여부 확인요망 <br>인증여부 입력여부 확인요망 <br> Transaction time:[0.01sec]
INFO	[2012-12-26 16:16:45:652] <2200> ===============================================================
INFO	[2012-12-26 16:25:04:97] <2200> ===============================================================
INFO	[2012-12-26 16:25:04:97] <2200> START AgsPay40 php (OS:Windows NT6.1,PHP:5.2.12)
INFO	[2012-12-26 16:25:04:97] <2200>  Pay Start!
INFO	[2012-12-26 16:25:04:97] <2200> AgsPayHome:C:/Rosemary/trunk/src/rosemary/agspay
INFO	[2012-12-26 16:25:04:98] <2200> StoreId:
INFO	[2012-12-26 16:25:04:98] <2200> log:true
INFO	[2012-12-26 16:25:04:98] <2200> logLevel:INFO
INFO	[2012-12-26 16:25:04:98] <2200> UseNetCancel:true
INFO	[2012-12-26 16:25:04:98] <2200> Type:Pay
INFO	[2012-12-26 16:25:04:98] <2200> RecvLen:7
INFO	[2012-12-26 16:25:04:99] <2200> AuthTy:
INFO	[2012-12-26 16:25:04:99] <2200> SubTy:
INFO	[2012-12-26 16:25:04:99] <2200> OrdNo:
INFO	[2012-12-26 16:25:04:99] <2200> Amt:
INFO	[2012-12-26 16:25:04:99] <2200> UserEmail:
INFO	[2012-12-26 16:25:04:99] <2200> ProdNm:
INFO	[2012-12-26 16:25:04:100] <2200> MallUrl:
INFO	[2012-12-26 16:25:04:100] <2200> UserId:
INFO	[2012-12-26 16:25:04:100] <2200> OrdNm:
INFO	[2012-12-26 16:25:04:100] <2200> OrdPhone:
INFO	[2012-12-26 16:25:04:100] <2200> OrdAddr:
INFO	[2012-12-26 16:25:04:101] <2200> RcpNm:
INFO	[2012-12-26 16:25:04:101] <2200> RcpPhone:
INFO	[2012-12-26 16:25:04:101] <2200> DlvAddr:
INFO	[2012-12-26 16:25:04:101] <2200> Remark:
INFO	[2012-12-26 16:25:04:101] <2200> DeviId:
INFO	[2012-12-26 16:25:04:101] <2200> AuthYn:
INFO	[2012-12-26 16:25:04:101] <2200> Instmt:
INFO	[2012-12-26 16:25:04:102] <2200> UserIp:127.0.0.1
INFO	[2012-12-26 16:25:04:102] <2200> partial_mm:
INFO	[2012-12-26 16:25:04:102] <2200> noIntMonth:
INFO	[2012-12-26 16:25:04:102] <2200> KVP_CURRENCY:
INFO	[2012-12-26 16:25:04:102] <2200> KVP_CARDCODE:
INFO	[2012-12-26 16:25:04:102] <2200> KVP_SESSIONKEY:
INFO	[2012-12-26 16:25:04:102] <2200> KVP_ENCDATA:
INFO	[2012-12-26 16:25:04:103] <2200> KVP_CONAME:
INFO	[2012-12-26 16:25:04:103] <2200> KVP_NOINT:
INFO	[2012-12-26 16:25:04:103] <2200> KVP_QUOTA:
INFO	[2012-12-26 16:25:04:103] <2200> CardNo:
INFO	[2012-12-26 16:25:04:103] <2200> MPI_CAVV:
INFO	[2012-12-26 16:25:04:103] <2200> MPI_ECI:
INFO	[2012-12-26 16:25:04:103] <2200> MPI_MD64:
INFO	[2012-12-26 16:25:04:104] <2200> ExpMon:
INFO	[2012-12-26 16:25:04:104] <2200> ExpYear:
INFO	[2012-12-26 16:25:04:104] <2200> Passwd:
INFO	[2012-12-26 16:25:04:104] <2200> SocId:
INFO	[2012-12-26 16:25:04:104] <2200> ICHE_OUTBANKNAME:
INFO	[2012-12-26 16:25:04:105] <2200> ICHE_OUTACCTNO:
INFO	[2012-12-26 16:25:04:105] <2200> ICHE_OUTBANKMASTER:
INFO	[2012-12-26 16:25:04:105] <2200> ICHE_AMOUNT:
INFO	[2012-12-26 16:25:04:105] <2200> HP_SERVERINFO:
INFO	[2012-12-26 16:25:04:105] <2200> HP_HANDPHONE:
INFO	[2012-12-26 16:25:04:106] <2200> HP_COMPANY:
INFO	[2012-12-26 16:25:04:106] <2200> HP_ID:
INFO	[2012-12-26 16:25:04:106] <2200> HP_SUBID:
INFO	[2012-12-26 16:25:04:106] <2200> HP_UNITType:
INFO	[2012-12-26 16:25:04:106] <2200> HP_IDEN:
INFO	[2012-12-26 16:25:04:106] <2200> HP_IPADDR:
INFO	[2012-12-26 16:25:04:106] <2200> ARS_NAME:
INFO	[2012-12-26 16:25:04:107] <2200> ARS_PHONE:
INFO	[2012-12-26 16:25:04:107] <2200> VIRTUAL_CENTERCD:
INFO	[2012-12-26 16:25:04:107] <2200> VIRTUAL_DEPODT:
INFO	[2012-12-26 16:25:04:107] <2200> ZuminCode:
INFO	[2012-12-26 16:25:04:107] <2200> MallPage:
INFO	[2012-12-26 16:25:04:107] <2200> VIRTUAL_NO:
INFO	[2012-12-26 16:25:04:107] <2200> ES_SENDNO:
INFO	[2012-12-26 16:25:04:107] <2200> ICHE_SOCKETYN:
INFO	[2012-12-26 16:25:04:107] <2200> ICHE_POSMTID:
INFO	[2012-12-26 16:25:04:108] <2200> ICHE_FNBCMTID:
INFO	[2012-12-26 16:25:04:108] <2200> ICHE_APTRTS:
INFO	[2012-12-26 16:25:04:108] <2200> ICHE_REMARK1:
INFO	[2012-12-26 16:25:04:108] <2200> ICHE_REMARK2:
INFO	[2012-12-26 16:25:04:108] <2200> ICHE_ECWYN:
INFO	[2012-12-26 16:25:04:108] <2200> ICHE_ECWID:
INFO	[2012-12-26 16:25:04:108] <2200> ICHE_ECWAMT1:
INFO	[2012-12-26 16:25:04:108] <2200> ICHE_ECWAMT2:
INFO	[2012-12-26 16:25:04:108] <2200> ICHE_CASHYN:
INFO	[2012-12-26 16:25:04:109] <2200> ICHE_CASHGUBUN_CD:
INFO	[2012-12-26 16:25:04:109] <2200> ICHE_CASHID_NO:
INFO	[2012-12-26 16:25:04:109] <2200> ICHEARS_SOCKETYN:
INFO	[2012-12-26 16:25:04:109] <2200> ICHEARS_ADMNO:
INFO	[2012-12-26 16:25:04:109] <2200> ICHEARS_POSMTID:
INFO	[2012-12-26 16:25:04:109] <2200> ICHEARS_CENTERCD:
INFO	[2012-12-26 16:25:04:109] <2200> ICHEARS_HPNO:
INFO	[2012-12-26 16:25:04:109] <2200>  Pay Result Value [
INFO	[2012-12-26 16:25:04:110] <2200> rSuccYn:n
INFO	[2012-12-26 16:25:04:110] <2200> rResMsg:상점아이디 입력여부 확인요망 <br>주문번호 입력여부 확인요망 <br>상품명 입력여부 확인요망 <br>금액 입력여부 확인요망 <br>단말기아이디 입력여부 확인요망 <br>인증여부 입력여부 확인요망 <br>
INFO	[2012-12-26 16:25:04:110] <2200> ]
INFO	[2012-12-26 16:25:04:110] <2200> END  상점아이디 입력여부 확인요망 <br>주문번호 입력여부 확인요망 <br>상품명 입력여부 확인요망 <br>금액 입력여부 확인요망 <br>단말기아이디 입력여부 확인요망 <br>인증여부 입력여부 확인요망 <br> Transaction time:[0.01sec]
INFO	[2012-12-26 16:25:04:110] <2200> ===============================================================
